susurration 3
raucity 2
darling 3
guidebook 2
milling 4
kilometer 2
zaofulvin 4
ayudante 3
reykjavik 2
certify 4
jezebel 3
secession 2
marasca 3
latinesce 3
gratulate 3
overturned 2
porkpie 4
praetorium 2
bivalent 4
fluently 3
seigniorage 2
bioscope 3
carver 7
asymptoptic 3
gypsum 3
stultify 3
vient 4
calculation 4
rhapsodical 2
potuit 3
sacrifice 3
parkinsonia 2
brashness 4
jackass 4
modulation 3
polynesian 2
furtively 4
penitently 2
narrative 4
overflowing 4
curio 4
subclinical 2
neurectomy 3
whatsoever 3
prophets 2
pragmatist 3
argon 4
aforenamed 3
toots 3
crash 4
brittle 3
outer 3
marque 5
paleobotany 2
secretness 2
therefor 3
storied 3
betterment 3
zieht 4
cranium 4
bowlder 4
spayed 4
edema 4
slavic 5
ottar 2
doolie 4
laimable 4
crossbar 3
myxine 5
buildup 4
curses 4
chaffinch 2
give 7
propositus 4
thamnophis 3
banished 3
propelment 3
ramous 4
piledriving 3
surnia 3
tuition 3
nonstick 2
unstuck 3
swerving 2
diodon 3
focally 4
snakeblenny 2
tiredly 3
backbone 3
phagocytic 3
methyldopa 3
anastatic 2
completing 4
arsenate 2
triphammer 3
turbinated 3
cockcrowing 3
pragmatic 3
contrite 2
bismarck 4
extremis 3
onus 3
castaneous 4
nonhairy 2
charadrii 3
ecrasez 4
protoctist 3
reflecting 2
ixodes 4
insectivora 4
ethologist 3
christians 3
tenet 3
hegemonical 2
kowhai 3
latinate 3
seashell 3
frugally 4
bluishness 3
pillarist 2
mercurous 2
turreae 4
quieta 3
ipsa 4
divinum 3
posset 4
scantiness 2
princeton 4
grooving 3
pinchgut 2
fetor 3
unhoused 2
void 4
waggishness 4
gorge 5
armenia 3
vana 7
yearn 4
expedience 3
encomium 3
softhearted 3
hasdrubal 3
inseverable 3
strikeout 2
indigofera 2
needful 3
appetency 4
trammel 4
indicatory 3
defilade 3
brazen 6
crazy 5
blackening 4
bowlegged 3
comedown 3
favorite 2
persuasive 2
handcart 2
podilymbus 3
affricate 4
astrantia 3
effulgent 3
suffer 5
rambler 3
phew 7
yeux 6
operatic 4
luetic 4
meddler 3
oflove 4
sweatband 2
clockwise 3
runoff 3
ephemeridae 2
germ 6
reduced 4
hart 4
simulated 3
devious 2
lampridae 3
amaritude 3
acromion 2
oneself 3
selection 2
sukiyaki 3
mamelon 3
trainband 3
phasmidia 2
azolla 6
proquo 4
terminable 2
plicate 4
roux 7
ephor 4
daredevilry 3
seeds 5
ingrian 6
veritatem 2
swash 5
ninepenny 3
impressible 4
physical 4
decuma 4
saturated 3
plomb 5
misguide 4
scoop 6
sheeny 3
appear 4
mercature 3
cellblock 2
dragonfly 4
predatory 3
albatrellus 4
hull 6
simplex 3
asystole 3
brachiopod 3
lampooner 3
neurosis 4
halfpenny 2
idolize 4
nave 6
carpocapsa 3
pavonine 2
retire 3
vielle 6
cockleshell 2
payola 4
dyirbal 3
atheistic 3
dolichonyx 3
vertebrata 3
bending 6
lemma 4
biceps 4
perfoliate 3
slam 5
entendre 3
shipboard 3
roisterer 2
loaves 3
micomicon 2
portrait 2
features 4
climatology 2
osculation 3
innuendo 3
afterburden 3
shots 4
emydidae 4
paintbrush 2
biophysics 2
ibex 5
anserine 2
thymus 3
thief 3
thalassemia 2
boise 4
anxiously 3
tethered 3
jogging 6
epiplexis 3
blossoming 3
finedraw 3
chickamauga 2
etercoral 3
pranked 4
illicium 3
wheedling 3
ribald 4
aerobacter 3
dusanbe 3
souse 4
blushing 3
complainer 3
sardina 3
trooper 6
coleus 4
pendulate 3
idols 3
pyromancy 5
linendraper 2
oldbuck 3
retinene 3
improvisate 3
handwear 3
smarts 4
unfunny 3
scorch 4
debris 4
curry 3
soyamilk 3
hastate 3
netherlands 2
incite 4
hyssopus 3
subdolous 2
hopes 5
mackerel 4
reserved 4
arrow 5
postural 3
efficiency 3
embodiment 3
quarrelling 3
regatta 3
playmate 4
solvate 4
rotting 2
imitated 4
flanked 4
sweepingly 3
unhollowed 3
stunted 3
virulence 4
spouseless 2
yare 6
tersanctus 2
latium 5
capitulate 2
libra 4
overproud 3
government 3
cloacina 2
verapamil 2
bastion 3
bettering 4
lamellated 3
mandibulate 3
bene 6
enamel 4
compression 3
nona 3
distrust 2
impecunious 3
precursory 3
beware 5
feme 6
degage 5
abuser 5
baldwin 4
luddite 3
comb 5
asperges 3
auspicial 3
upholstery 3
silverpoint 3
noctilucent 3
favet 5
reipublicoe 2
piperaceae 4
homespun 3
ethic 3
humanist 3
racking 4
abcoulomb 3
servicing 3
heliograph 2
admittance 4
tracheid 3
celebrated 3
eerily 4
paradox 3
chlorophis 3
snake 3
demarche 4
oleum 3
delphinium 2
estrogen 3
negligently 4
aureate 3
lentiform 2
regis 4
wreck 5
platelayer 4
statement 3
denker 7
deprivation 5
dictionary 3
vibration 4
cossack 4
bistoury 3
pegboard 3
elliptic 3
trancelike 4
benison 3
lurker 6
biography 4
sunshine 2
boson 3
optometry 3
torchbearer 2
branny 6
seipso 2
hover 4
tolbutamide 2
megaderma 2
chatterbox 2
heed 4
alterative 4
fortune 2
blaring 6
saxifrage 4
shofar 3
rejuvenate 3
nimblewill 2
sandstone 2
darn 4
concern 3
emplacement 3
rivel 5
forepart 4
despect 4
arilus 3
simples 3
jangling 4
suttee 3
outcome 4
gabardine 2
recommence 2
embarkation 3
readily 3
linguiform 3
everlasting 3
hastening 3
superabat 5
roridula 3
incoherence 2
hesperian 3
cream 5
hanoverian 2
adulterine 2
pathless 4
transpierce 2
blasting 5
unprotected 2
eurhythmics 2
cutcherry 3
rightfield 2
aidetoi 2
maquis 6
hohenlinden 2
gross 5
tonsil 3
cavalry 3
oolong 3
nundination 3
empressment 2
privative 5
mimetic 3
maltose 3
misteach 3
unbrowsed 3
tyrannis 4
perspicuity 3
decoyduck 2
gaelic 4
revered 3
differ 5
boxfish 4
calvinist 2
punctual 3
showjumping 2
describable 2
coronilla 2
ecology 3
reaching 3
lumpy 4
overblown 3
aruba 4
corpuscle 3
pint 5
development 2
slouchy 3
schrodinger 2
burgeon 3
bolthead 3
opposed 6
knowldge 3
salary 4
manganate 3
sheltie 3
anonymously 3
thermion 3
chickasaw 3
bogle 5
overpayment 3
dormeuse 3
prairial 4
interleave 3
unvaried 3
foaminess 2
impression 3
avunt 4
ceratonia 2
serration 2
supplanting 3
merops 3
addlehead 3
centerboard 3
ecballium 3
facile 4
impala 4
pave 7
athirst 3
roundhead 2
mopper 6
grade 6
incantatory 4
lightminded 2
cathartic 3
controlling 2
lymphocyte 4
deliberat 2
dock 5
thinkest 4
austin 3
embalmer 4
sarcosome 3
bantu 5
articled 3
noncellular 2
gavialidae 3
find 6
wombat 4
plowman 5
sportive 2
cremains 3
affettuoso 2
masonite 3
faraway 4
laager 6
pinacotheca 3
constancy 2
pardonner 3
incongruent 3
carbonic 3
melanoma 2
unctuously 2
delphian 4
indesinent 3
castoff 3
judgement 2
silvan 4
platanus 3
byname 4
portrayal 4
nephoscope 2
lockweir 4
hopples 3
larva 4
truthfully 2
lambaste 3
infinitude 3
acquaint 4
archbishop 3
annoyance 3
lucretius 3
rhizopus 3
beam 7
autobahn 3
vestrywoman 3
greens 3
natural 2
beechen 3
maoist 4
pistoleer 3
addesse 4
aplysia 4
rompre 4
pillager 5
chutney 3
gangling 3
indrawn 3
unstinting 2
czech 5
chaplaincy 3
tableland 3
lithophytic 2
infuse 4
glareolidae 3
ascription 4
suffusion 3
cachexia 4
compt 4
curtailed 3
gratior 4
sting 4
seymour 3
besieged 4
icterus 3
distillate 3
hanging 3
ascii 4
dess 4
yang 6
kiev 7
unsweetened 2
timeworn 4
nodule 4
than 4
bramble 4
gimlet 4
foots 4
narcolepsy 3
manofwars 2
justices 3
besot 4
obtruncate 3
compelling 3
cowardly 3
lunacy 4
centrex 4
indifferent 3
desecrate 3
conjugation 3
crumply 3
honduran 3
roma 4
highlight 2
alopex 4
goffer 5
jument 4
requisit 3
tilefish 3
kalotermes 3
gainfully 4
sterol 3
trochlear 4
vorstellen 2
verditure 3
sufficiency 3
homicidal 2
galliass 3
baygall 4
jamboree 3
unpaidfor 3
avengeance 3
bossed 4
aquila 5
newton 4
guava 5
arduously 3
boxcar 4
overdrive 3
jacent 5
dribbling 3
mezereum 3
packet 5
sade 4
recognize 3
midships 3
braise 4
hunk 6
indication 3
knee 3
parmesan 4
rabbitwood 3
salaried 2
wonderland 2
manakin 4
prosimian 4
radiantly 2
shared 4
impissation 3
loathsome 2
somrai 3
trisect 3
alexander 3
nasser 3
zemindar 4
interval 4
sabian 6
hazily 4
corpuscular 2
legis 4
strawberry 3
nobleminded 2
spiritually 3
overseas 6
bactericide 4
tartars 3
claviceps 3
doorlock 3
altogeher 3
desorption 3
souffle 3
infection 3
rubbers 3
monotropa 2
fruiting 3
funds 4
semestral 3
snarling 3
celluloid 2
valved 6
wound 6
brokerage 3
recife 4
travelers 2
equipage 3
visored 4
intercostal 3
hallmark 3
excretory 4
housefather 2
minnesota 2
pantheist 3
nervously 3
symbiotic 3
ensconced 3
venule 4
jupe 7
dimeyed 4
outfielder 3
tropism 4
lycopus 4
opalescence 4
dasymeter 3
thou 4
trebucbet 3
petitions 3
labitur 3
european 3
amsonia 4
shrunk 3
smock 4
pudder 4
ignoscito 3
sabbatia 2
caravansary 2
sapindus 3
humilia 3
yarr 6
gravelly 4
invidiam 3
blaser 4
profuseness 2
fergusonite 3
cease 4
presumable 3
unctuous 3
ballade 4
asvins 4
obliging 5
huntington 2
conclusion 2
internist 3
crystal 3
tinctorial 2
gunsmith 3
semite 3
labile 5
necroscopic 3
fissurella 3
flail 5
oscines 3
chaotic 3
retract 3
virtuosity 3
archegonium 2
felt 6
armored 3
knag 7
antrum 4
flapdoodle 2
unapt 4
unrotten 2
cockatrice 2
reproachful 3
abort 4
protium 4
sahara 3
songe 4
muddle 4
detectable 3
norwegian 4
majuscular 2
philomel 3
wooly 6
zayin 5
otiosity 3
hakka 6
seraphic 3
scoffer 4
chirology 3
tontine 2
phasmidae 3
resentfully 3
jerker 6
joining 6
zhuang 5
psychically 2
trice 4
apron 5
computer 5
retrograde 2
concordiam 2
reticence 3
great 5
oleander 3
maimed 4
roads 4
inane 3
polyptoton 2
ladyfish 3
orad 4
partaker 7
tendency 4
prisoner 4
sarcology 3
clarence 3
effusively 3
tormenting 3
algebra 4
provisions 3
sarculation 2
pearlfish 3
ramp 6
tripling 4
sciagraphy 2
megrims 4
biauricular 2
gaudery 3
bello 6
curator 3
cusped 4
treat 3
calotte 2
dueness 3
calcimine 2
lira 4
albinal 5
consistency 3
chant 4
vibrational 4
outbrave 3
welfarist 2
sidestep 3
sophister 3
stalagmite 3
expensively 3
sagittiform 2
appall 3
sweek 5
clansman 3
laminaria 3
tijuana 4
starlike 2
racism 4
bifurcation 3
jugular 4
rusk 5
buxaceae 4
burble 6
priscians 2
poisoned 4
marbling 6
eidetic 3
manila 5
moderating 4
tantara 4
orthodoxy 3
fleur 5
breadstuff 2
musing 4
percoidea 2
variometer 3
newscaster 3
joking 6
shivaist 6
associated 3
genus 4
indraught 3
crucifixion 2
globigerina 3
malpractice 3
daisies 3
tillandsia 2
sweal 5
mackenzie 3
osmundaceae 2
profit 4
coffeecake 2
autograft 3
vigilantism 3
moraceous 2
stomach 3
horseback 4
vanadinite 2
stammel 3
thermionics 2
evaluator 3
unanimously 4
enameled 3
unselfishly 2
dryadella 3
attollent 2
parliament 4
hupa 5
axon 4
pedunculate 3
stirring 2
cooter 5
sumpter 3
cubist 4
venuss 4
muckle 4
quarter 4
abating 4
pastorship 4
menopause 2
mariachi 3
unbred 5
vistula 4
phytozoaria 2
pacer 6
ethylene 3
gaseity 3
taught 4
subdued 3
gyromancy 4
murksome 3
bellicose 2
bilabiate 2
prothesis 2
tadpole 3
badminton 3
ransack 3
concours 3
faugh 5
upupidae 3
papery 5
flitter 4
lown 7
helicidae 2
cheapest 3
spoor 5
distraint 2
jackstraw 3
condiment 3
silversmith 2
abbot 5
easternmost 2
numbness 3
concede 3
cantle 3
satrap 3
take 7
blessedly 3
errantry 4
sess 6
pipit 6
crim 5
sexually 3
antevert 4
cladrastis 3
lubricating 3
bullish 3
cuttings 3
dominie 3
classfellow 2
unpacific 2
excitation 2
heterotheca 2
millenarian 3
taboe 2
prejudice 3
butea 4
acropetal 4
septet 3
covertly 3
treatment 2
prerequire 2
down 4
epona 3
arpent 4
talc 5
shrinkable 2
pothos 3
brahma 5
criticise 3
octopodidae 2
lithomancy 3
affectional 2
cooperative 4
erogenous 3
befall 4
serologic 2
unallied 3
algometer 3
cockle 5
poetess 3
